# JRE version: Java(TM) SE Runtime Environment (8.0_40-b26) (build 1.8.0_40-b26)
# Java VM: Java HotSpot(TM) 64-Bit Server VM (25.40-b25 mixed mode windows-amd64 compressed oops)
Heap:
 PSYoungGen      total 76288K, used 14653K [0x000000076af00000, 0x0000000774400000, 0x00000007c0000000)
  eden space 65536K, 12% used [0x000000076af00000,0x000000076b71f778,0x000000076ef00000)
  from space 10752K, 58% used [0x000000076f980000,0x000000076ffafe58,0x0000000770400000)
  to   space 10752K, 0% used [0x000000076ef00000,0x000000076ef00000,0x000000076f980000)
 ParOldGen       total 175104K, used 22600K [0x00000006c0c00000, 0x00000006cb700000, 0x000000076af00000)
  object space 175104K, 12% used [0x00000006c0c00000,0x00000006c2212040,0x00000006cb700000)
 Metaspace       used 16515K, capacity 17336K, committed 17536K, reserved 1064960K
  class space    used 2388K, capacity 2607K, committed 2688K, reserved 1048576K
GC Heap History (4 events):
Event: 7.128 GC heap before
{Heap before GC invocations=1 (full 0):
 PSYoungGen      total 76288K, used 64738K [0x000000076af00000, 0x0000000770400000, 0x00000007c0000000)
  eden space 65536K, 98% used [0x000000076af00000,0x000000076ee38a28,0x000000076ef00000)
  from space 10752K, 0% used [0x000000076f980000,0x000000076f980000,0x0000000770400000)
  to   space 10752K, 0% used [0x000000076ef00000,0x000000076ef00000,0x000000076f980000)
 ParOldGen       total 175104K, used 0K [0x00000006c0c00000, 0x00000006cb700000, 0x000000076af00000)
  object space 175104K, 0% used [0x00000006c0c00000,0x00000006c0c00000,0x00000006cb700000)
 Metaspace       used 15166K, capacity 15980K, committed 16000K, reserved 1062912K
  class space    used 2229K, capacity 2429K, committed 2432K, reserved 1048576K
Event: 7.136 GC heap after
Heap after GC invocations=1 (full 0):
 PSYoungGen      total 76288K, used 10738K [0x000000076af00000, 0x0000000770400000, 0x00000007c0000000)
  eden space 65536K, 0% used [0x000000076af00000,0x000000076af00000,0x000000076ef00000)
  from space 10752K, 99% used [0x000000076ef00000,0x000000076f97cad0,0x000000076f980000)
  to   space 10752K, 0% used [0x000000076f980000,0x000000076f980000,0x0000000770400000)
 ParOldGen       total 175104K, used 10304K [0x00000006c0c00000, 0x00000006cb700000, 0x000000076af00000)
  object space 175104K, 5% used [0x00000006c0c00000,0x00000006c1610030,0x00000006cb700000)
 Metaspace       used 15166K, capacity 15980K, committed 16000K, reserved 1062912K
  class space    used 2229K, capacity 2429K, committed 2432K, reserved 1048576K
}
Event: 7.304 GC heap before
{Heap before GC invocations=2 (full 0):
 PSYoungGen      total 76288K, used 76274K [0x000000076af00000, 0x0000000770400000, 0x00000007c0000000)
  eden space 65536K, 100% used [0x000000076af00000,0x000000076ef00000,0x000000076ef00000)
  from space 10752K, 99% used [0x000000076ef00000,0x000000076f97cad0,0x000000076f980000)
  to   space 10752K, 0% used [0x000000076f980000,0x000000076f980000,0x0000000770400000)
 ParOldGen       total 175104K, used 10304K [0x00000006c0c00000, 0x00000006cb700000, 0x000000076af00000)
  object space 175104K, 5% used [0x00000006c0c00000,0x00000006c1610030,0x00000006cb700000)
 Metaspace       used 16045K, capacity 16936K, committed 17024K, reserved 1062912K
  class space    used 2369K, capacity 2607K, committed 2688K, reserved 1048576K
Event: 7.311 GC heap after
Heap after GC invocations=2 (full 0):
 PSYoungGen      total 76288K, used 6335K [0x000000076af00000, 0x0000000774400000, 0x00000007c0000000)
  eden space 65536K, 0% used [0x000000076af00000,0x000000076af00000,0x000000076ef00000)
  from space 10752K, 58% used [0x000000076f980000,0x000000076ffafe58,0x0000000770400000)
  to   space 10752K, 0% used [0x000000076ef00000,0x000000076ef00000,0x000000076f980000)
 ParOldGen       total 175104K, used 22600K [0x00000006c0c00000, 0x00000006cb700000, 0x000000076af00000)
  object space 175104K, 12% used [0x00000006c0c00000,0x00000006c2212040,0x00000006cb700000)
 Metaspace       used 16045K, capacity 16936K, committed 17024K, reserved 1062912K
  class space    used 2369K, capacity 2607K, committed 2688K, reserved 1048576K
}

